C51 COMPILER V9.60.7.0   SERIAL_RECEIVE                                                    05/29/2024 14:12:06 PAGE 1   


C51 COMPILER V9.60.7.0, COMPILATION OF MODULE SERIAL_RECEIVE
OBJECT MODULE PLACED IN .\Objects\serial_receive.obj
COMPILER INVOKED BY: C:\Keil_v5\C51\BIN\C51.EXE serial_receive.c OPTIMIZE(8,SPEED) BROWSE DEBUG OBJECTEXTEND PRINT(.\Lis
                    -tings\serial_receive.lst) TABS(2) OBJECT(.\Objects\serial_receive.obj)

line level    source

   1          #include <reg51.h>
   2          
   3          void serial_com() {
   4   1        TMOD = 0x20;
   5   1        TH1 = 0xFD;
   6   1        SCON = 0x50;
   7   1        PCON = 0x00;
   8   1        TR1 = 1;
   9   1      }
  10          
  11          void main(void) {
  12   1        serial_com();
  13   1        while(1) {
  14   2          
  15   2          while(RI==0);
  16   2            RI = 0;
  17   2          P1 = SBUF;
  18   2        }
  19   1      }


MODULE INFORMATION:   STATIC OVERLAYABLE
   CODE SIZE        =     28    ----
   CONSTANT SIZE    =   ----    ----
   XDATA SIZE       =   ----    ----
   PDATA SIZE       =   ----    ----
   DATA SIZE        =   ----    ----
   IDATA SIZE       =   ----    ----
   BIT SIZE         =   ----    ----
END OF MODULE INFORMATION.


C51 COMPILATION COMPLETE.  0 WARNING(S),  0 ERROR(S)
