C51 COMPILER V9.60.7.0   SERIALTRANSFER                                                    05/29/2024 14:17:56 PAGE 1   


C51 COMPILER V9.60.7.0, COMPILATION OF MODULE SERIALTRANSFER
OBJECT MODULE PLACED IN .\Objects\serialTransfer.obj
COMPILER INVOKED BY: C:\Keil_v5\C51\BIN\C51.EXE serialTransfer.c OPTIMIZE(8,SPEED) BROWSE DEBUG OBJECTEXTEND PRINT(.\Lis
                    -tings\serialTransfer.lst) TABS(2) OBJECT(.\Objects\serialTransfer.obj)

line level    source

   1          #include <reg51.h>
   2          #include <studio.h>
*** WARNING C318 IN LINE 2 OF serialTransfer.c: can't open file 'studio.h'
   3          #define input P1
   4          
   5          sbit rd = P3^4;
   6          sbit wr = P3^5;
   7          sbit intr= P3^2;
   8          
   9          void adc();
  10          void serial_com();
  11          void sample_rate(unsigned int i);
  12          
  13          void main(void) {
  14   1        serial_com();
  15   1        while(1) {
  16   2          adc();
  17   2          SBUF = input;
  18   2          while(TI==0);
  19   2            TI = 0;
  20   2        }
  21   1      }
  22          
  23          void adc() {
  24   1        sample_rate(2);
  25   1        rd = 1;
  26   1        wr = 0;
  27   1        wr = 1;
  28   1        while(intr==1);
  29   1          rd = 0;
  30   1      }
  31          
  32          void serial_com() {
  33   1        TMOD = 0x20;
  34   1        TH1 = 0xFD;
  35   1        SCON = 0x50;
  36   1        PCON = 0x00;
  37   1        TR1 = 1;
  38   1      }
  39          
  40          void sample_rate(unsigned int i) {
  41   1        for(i=0; i<125; i++) {}
  42   1      }


MODULE INFORMATION:   STATIC OVERLAYABLE
   CODE SIZE        =     65    ----
   CONSTANT SIZE    =   ----    ----
   XDATA SIZE       =   ----    ----
   PDATA SIZE       =   ----    ----
   DATA SIZE        =   ----    ----
   IDATA SIZE       =   ----    ----
   BIT SIZE         =   ----    ----
END OF MODULE INFORMATION.

C51 COMPILER V9.60.7.0   SERIALTRANSFER                                                    05/29/2024 14:17:56 PAGE 2   


C51 COMPILATION COMPLETE.  1 WARNING(S),  0 ERROR(S)
