C51 COMPILER V9.60.7.0   TASK1                                                             03/05/2024 10:16:35 PAGE 1   


C51 COMPILER V9.60.7.0, COMPILATION OF MODULE TASK1
OBJECT MODULE PLACED IN .\Objects\task1.obj
COMPILER INVOKED BY: C:\Keil_v5\C51\BIN\C51.EXE task1.c OPTIMIZE(8,SPEED) BROWSE DEBUG OBJECTEXTEND PRINT(.\Listings\tas
                    -k1.lst) TABS(2) OBJECT(.\Objects\task1.obj)

line level    source

   1          /* Main.c file generated by New Project wizard
   2           *
   3           * Created:   Tue Mar 5 2024
   4           * Processor: AT89C51
   5           * Compiler:  Keil for 8051
   6           */
   7          
   8          #include <reg51.h>
   9          #include <stdio.h>
  10          
  11            
  12          
  13          sbit I_button = P3^2;
  14          
  15          int count = 0;
  16          void e_i_() interrupt 0
  17          {
  18   1        
  19   1        P1 = count++;
  20   1      }
  21          
  22          void main()
  23           { 
  24   1      
  25   1            EA = 1;
  26   1            EX0 = 1;
  27   1              IT0 = 1;
  28   1         while(1){
  29   2         }
  30   1       }


MODULE INFORMATION:   STATIC OVERLAYABLE
   CODE SIZE        =     24    ----
   CONSTANT SIZE    =   ----    ----
   XDATA SIZE       =   ----    ----
   PDATA SIZE       =   ----    ----
   DATA SIZE        =      2    ----
   IDATA SIZE       =   ----    ----
   BIT SIZE         =   ----    ----
END OF MODULE INFORMATION.


C51 COMPILATION COMPLETE.  0 WARNING(S),  0 ERROR(S)
