C51 COMPILER V9.60.7.0   PROJECT                                                           06/27/2024 09:15:30 PAGE 1   


C51 COMPILER V9.60.7.0, COMPILATION OF MODULE PROJECT
OBJECT MODULE PLACED IN .\Objects\project.obj
COMPILER INVOKED BY: C:\Keil_v5\C51\BIN\C51.EXE project.c OPTIMIZE(8,SPEED) BROWSE DEBUG OBJECTEXTEND PRINT(.\Listings\p
                    -roject.lst) TABS(2) OBJECT(.\Objects\project.obj)

line level    source

   1          #include <reg51.h>
   2          
   3          // Function declarations
   4          void HIGH_DONE(void);
   5          void LOW_DONE(void);
   6          
   7          unsigned char R1;
   8          unsigned char R7; // Declare R1 and R7 as global variables
   9          sbit P1_0 = P1^0;
  10          sbit P3_3 = P3^3;
  11          sbit P3_4 = P3^4;
  12          sbit P3_5 = P3^5;
  13          sbit P3_7 = P3^7;
  14          sbit P1_1 = P1^1;
  15          
  16          
  17          
  18          
  19          
  20          void main(void) {
  21   1          unsigned char A, B; // Declare A and B as local variables
  22   1          
  23   1          // Initial pin setup
  24   1          P1_0 =1;  // SETB P1.0
  25   1          P1_0 = 0;  // CPL P1.0
  26   1          
  27   1          while (1) {
  28   2              P3_3 = 1;  // SETB P3.3
  29   2              P3_4 = 0; // CLR P3.4
  30   2              P3_5 = 1;  // SETB P3.5
  31   2              P3_4 = 1;  // SETB P3.4
  32   2      
  33   2              // Wait for the conversion to complete
  34   2              while (P3_5==0); // JB P3.5, stay 0010 0000
  35   2      
  36   2              P3_3 = 0; // CLR P3.3
  37   2              P3_7 = 0;  // SETB P3.7
  38   2      
  39   2              TMOD = 0x00; // Timer0 in Mode 0
  40   2      
  41   2              R1 = P0;    // MOV R1, P0
  42   2              A = R1;     // MOV A, R1
  43   2              B = 0x03;   // MOV B, #3
  44   2              A = A * B;  // MUL AB
  45   2              P2 = A;     // MOV P2, A
  46   2      
  47   2              A = ~A;     // CPL A
  48   2              R7 = A;     // MOV R7, A
  49   2      
  50   2              TR0 = 1;    // SETB TR0
  51   2              P1 &= ~0x02; // CLR P1.1
  52   2              HIGH_DONE(); // LCALL HIGH_DONE
  53   2              TR0 = 1;    // SETB TR0
  54   2              LOW_DONE();  // LCALL LOW_DONE
C51 COMPILER V9.60.7.0   PROJECT                                                           06/27/2024 09:15:30 PAGE 2   

  55   2      
  56   2              // Loop indefinitely
  57   2          }
  58   1      }
  59          
  60          void HIGH_DONE(void) {
  61   1          P1_1 = 1;   // SETB P1.1
  62   1          TF0 = 0;      // CLR TF0
  63   1          TH0 = R7;     // MOV TH0, R7
  64   1          
  65   1          while (!TF0); // JNB TF0, stay1
  66   1      
  67   1          TF0 = 0;      // CLR TF0
  68   1      }
  69          
  70          void LOW_DONE(void) {
  71   1          unsigned char A;
  72   1      
  73   1          P1_1 = 0;  // CLR P1.1
  74   1          A = 0xFF;     // MOV A, #0FFH
  75   1          A -= R7;      // SUBB A, R7
  76   1          TH0 = A;      // MOV TH0, A
  77   1          
  78   1          while (!TF0); // JNB TF0, stay2
  79   1      
  80   1          TF0 = 0;      // CLR TF0
  81   1      }


MODULE INFORMATION:   STATIC OVERLAYABLE
   CODE SIZE        =     91    ----
   CONSTANT SIZE    =   ----    ----
   XDATA SIZE       =   ----    ----
   PDATA SIZE       =   ----    ----
   DATA SIZE        =      2       2
   IDATA SIZE       =   ----    ----
   BIT SIZE         =   ----    ----
END OF MODULE INFORMATION.


C51 COMPILATION COMPLETE.  0 WARNING(S),  0 ERROR(S)
