C51 COMPILER V9.60.7.0   TASK3                                                             05/05/2024 17:31:27 PAGE 1   


C51 COMPILER V9.60.7.0, COMPILATION OF MODULE TASK3
OBJECT MODULE PLACED IN .\Objects\task3.obj
COMPILER INVOKED BY: C:\Keil_v5\C51\BIN\C51.EXE task3.c OPTIMIZE(8,SPEED) BROWSE DEBUG OBJECTEXTEND PRINT(.\Listings\tas
                    -k3.lst) TABS(2) OBJECT(.\Objects\task3.obj)

line level    source

   1          
   2          #include <reg51.h>
   3          
   4          
   5            unsigned int i = 0x00;
   6            unsigned int j = 0x00;
   7          
   8          void Delay(){
   9   1        int k=0;
  10   1        for(k=0;k<10000;k++){}
  11   1      }
  12          
  13          void bigDelay() {
  14   1        int m=0;
  15   1        for(m; m<20;m++)
  16   1          Delay();
  17   1        
  18   1      }
  19          
  20          void main()
  21          {
  22   1      
  23   1        while(1){
  24   2        for(i=0; i<=0x90; i=i+0x10) {
  25   3            for(j=0x00; j<=0x09; j=j+0x01) {
  26   4              bigDelay();
  27   4              P1 = i|j;
  28   4        }}}
  29   1      }


MODULE INFORMATION:   STATIC OVERLAYABLE
   CODE SIZE        =     93    ----
   CONSTANT SIZE    =   ----    ----
   XDATA SIZE       =   ----    ----
   PDATA SIZE       =   ----    ----
   DATA SIZE        =      4    ----
   IDATA SIZE       =   ----    ----
   BIT SIZE         =   ----    ----
END OF MODULE INFORMATION.


C51 COMPILATION COMPLETE.  0 WARNING(S),  0 ERROR(S)
