A51 MACRO ASSEMBLER  TASKIK                                                               02/20/2024 10:48:02 PAGE     1


MACRO ASSEMBLER A51 V8.2.7.0
OBJECT MODULE PLACED IN .\Objects\taskiK.obj
ASSEMBLER INVOKED BY: C:\Keil_v5\C51\BIN\A51.EXE taskiK.a51 SET(SMALL) DEBUG PRINT(.\Listings\taskiK.lst) OBJECT(.\Objec
                      ts\taskiK.obj) EP

LOC  OBJ            LINE     SOURCE

0000                   1     ORG 00H
0000 7910              2             MOV R1, #16
0002                   3             HERE:
0002 8980              4             MOV P0, R1
0004 D9FC              5             DJNZ R1, HERE
                       6     END
                                     
A51 MACRO ASSEMBLER  TASKIK                                                               02/20/2024 10:48:02 PAGE     2

SYMBOL TABLE LISTING
------ ----- -------


N A M E             T Y P E  V A L U E   ATTRIBUTES

HERE . . . . . . .  C ADDR   0002H   A   
P0 . . . . . . . .  D ADDR   0080H   A   


REGISTER BANK(S) USED: 0 


ASSEMBLY COMPLETE.  0 WARNING(S), 0 ERROR(S)
