C51 COMPILER V9.60.7.0   TASK                                                              05/14/2024 09:07:32 PAGE 1   


C51 COMPILER V9.60.7.0, COMPILATION OF MODULE TASK
OBJECT MODULE PLACED IN .\Objects\task.obj
COMPILER INVOKED BY: C:\Keil_v5\C51\BIN\C51.EXE task.c OPTIMIZE(8,SPEED) BROWSE DEBUG OBJECTEXTEND PRINT(.\Listings\task
                    -.lst) TABS(2) OBJECT(.\Objects\task.obj)

line level    source

   1          #include <reg51.h>
   2          #define input P1;
   3          double newtemp,pass1,pass2,T;
   4          sbit speaker = P3^5;
   5          sbit rs = P3^0; 
   6          sbit rw = P3^1; 
   7          sbit e = P3^2; 
   8          sbit RD_=P3^7; 
   9          sbit WR_=P3^6; 
  10          sbit INTR=P3^4;
  11          void Active_value_Delay()
  12          {
  13   1      TMOD=0x01;
  14   1      TH0=0xF7;
  15   1      TL0=0x00;
  16   1      TR0=1;
  17   1      while(TF0==1){
  18   2      TR0=0;
  19   2      TF0=0;}
  20   1      }
  21          void Delay(unsigned int value) 
  22          {
  23   1      int i,j ;
  24   1      for(i=0;i<value;i++)
  25   1      for(j=0;j<1275;j++);
  26   1      }
  27          double ADC() 
  28          {
  29   1      double temp;
  30   1      RD_=1; 
  31   1      WR_=0; 
  32   1      Delay(1); 
  33   1      WR_=1;
  34   1      while(INTR==1);
  35   1      {RD_=0;
  36   2      temp=input;
  37   2      Delay(3);}
  38   1      return temp;
  39   1      }
  40          void LCD_Command(unsigned char item) 
  41          {
  42   1      P2 = item;
  43   1      rs= 0;
  44   1      rw=0;
  45   1      e=1;
  46   1      Delay(1);
  47   1      e=0;
  48   1      }
  49          void LCD_Data(double item) 
  50          {
  51   1      P2 = item;
  52   1      rs= 1;
  53   1      rw=0;
  54   1      e=1;
C51 COMPILER V9.60.7.0   TASK                                                              05/14/2024 09:07:32 PAGE 2   

  55   1      Delay(1);
  56   1      e=0;
  57   1      }
  58          void Display_Temperature(double Num) 
  59          {
  60   1      unsigned char UnitDigit = 0; 
  61   1      unsigned char TenthDigit = 0; 
  62   1      unsigned char HundDigit = 0; 
  63   1      unsigned char decimal=0;
  64   1      int point;
  65   1      point=Num*10;
  66   1      HundDigit=(Num/100);
  67   1      if( HundDigit != 0) 
  68   1      LCD_Data(HundDigit+0x30); 
  69   1      TenthDigit = Num - HundDigit*100; 
  70   1      TenthDigit = TenthDigit/10;
  71   1      if (HundDigit==0 && TenthDigit==0){} 
  72   1      else
  73   1      LCD_Data(TenthDigit+0x30);
  74   1      UnitDigit = Num - HundDigit*100;
  75   1      UnitDigit = UnitDigit - TenthDigit*10;
  76   1      LCD_Data(UnitDigit+0x30); 
  77   1      LCD_Data('.');
  78   1      decimal=(point%10);
  79   1      LCD_Data (decimal+0x30); 
  80   1      LCD_Data(' '); LCD_Data('C');
  81   1      }
  82          void read(){ 
  83   1      LCD_Command(0x0E); 
  84   1      LCD_Command(0x01); 
  85   1      LCD_Command(0x06); 
  86   1      LCD_Data('R');LCD_Data('E');LCD_Data('A');LCD_Data('D');LCD_Data('I');LCD_Data('N');LCD_Data
  87   1      ('G');LCD_Data(' ');
  88   1      }
  89          void main()
  90          {
  91   1      P0=0x00;
  92   1      read();
  93   1      while(1){ 
  94   2      newtemp=ADC();
  95   2      Delay(60);
  96   2      pass1=ADC();
  97   2      Delay(60);
  98   2       if (newtemp==pass1){ 
  99   3       break;
 100   3      } 
 101   2      }
 102   1      while(1){ 
 103   2      T=160; 
 104   2      newtemp=(((newtemp*T)/255)); 
 105   2      if(newtemp>35 || newtemp<10)
 106   2      {
 107   3       speaker=1;
 108   3       Active_value_Delay();
 109   3       speaker=0;
 110   3      } 
 111   2      LCD_Command(0x0E); 
 112   2      LCD_Command(0x01); 
 113   2      LCD_Command(0x06); 
 114   2      Display_Temperature(newtemp); 
 115   2      Delay(300);
 116   2      while(1){
C51 COMPILER V9.60.7.0   TASK                                                              05/14/2024 09:07:32 PAGE 3   

 117   3      newtemp=ADC(); 
 118   3      Delay(60);
 119   3      pass1=ADC();
 120   3      Delay(60);
 121   3      pass2=ADC();
 122   3       if (newtemp==pass1){
 123   4       if(pass1==pass2){
 124   5       break; } 
 125   4      } 
 126   3      }
 127   2      }}


MODULE INFORMATION:   STATIC OVERLAYABLE
   CODE SIZE        =    757    ----
   CONSTANT SIZE    =   ----    ----
   XDATA SIZE       =   ----    ----
   PDATA SIZE       =   ----    ----
   DATA SIZE        =     16      14
   IDATA SIZE       =   ----    ----
   BIT SIZE         =   ----    ----
END OF MODULE INFORMATION.


C51 COMPILATION COMPLETE.  0 WARNING(S),  0 ERROR(S)
