C51 COMPILER V9.60.7.0   TASK1                                                             04/30/2024 02:34:15 PAGE 1   


C51 COMPILER V9.60.7.0, COMPILATION OF MODULE TASK1
OBJECT MODULE PLACED IN .\Objects\task1.obj
COMPILER INVOKED BY: C:\Keil_v5\C51\BIN\C51.EXE task1.c OPTIMIZE(8,SPEED) BROWSE DEBUG OBJECTEXTEND PRINT(.\Listings\tas
                    -k1.lst) TABS(2) OBJECT(.\Objects\task1.obj)

line level    source

   1          #include <reg51.h>
   2          
   3          sbit pin = P3^0;
   4          int i = 0;
   5          
   6          void startTimer0()
   7          {
   8   1        TR0 = 1; // Start Timer 0
   9   1      }
  10          
  11          void startTimer()
  12          {
  13   1        TMOD = 0x01; // Set Timer 0 in mode 1 (16-bit timer)
  14   1        IE = 0x82;   // Enable Timer 0 interrupt
  15   1      }
  16          
  17          void timer() interrupt 1
  18          {
  19   1        TH0 = 0x3C; // Set high byte for 200 ms delay
  20   1        TL0 = 0xAF; // Set low byte for 200 ms delay
  21   1      }
  22          
  23          void main(void)
  24          { 
  25   1        startTimer0();
  26   1        startTimer();
  27   1        while (TF0 == 0); // Wait until timer overflows (200 ms)
  28   1        {
  29   2          for (i = 0; i < 3; i++)
  30   2          {
  31   3            startTimer();startTimer0();
  32   3            if (i == 2 && TF0 == 1)
  33   3              break;
  34   3          }
  35   2          pin = ~pin; // Toggle the LED
  36   2        }
  37   1      }


MODULE INFORMATION:   STATIC OVERLAYABLE
   CODE SIZE        =     70    ----
   CONSTANT SIZE    =   ----    ----
   XDATA SIZE       =   ----    ----
   PDATA SIZE       =   ----    ----
   DATA SIZE        =      2    ----
   IDATA SIZE       =   ----    ----
   BIT SIZE         =   ----    ----
END OF MODULE INFORMATION.


C51 COMPILATION COMPLETE.  0 WARNING(S),  0 ERROR(S)
