A51 MACRO ASSEMBLER  MEM_ADDR                                                             04/02/2024 09:22:58 PAGE     1


MACRO ASSEMBLER A51 V8.2.7.0
OBJECT MODULE PLACED IN .\Objects\mem_addr.obj
ASSEMBLER INVOKED BY: C:\Keil_v5\C51\BIN\A51.EXE mem_addr.a51 SET(SMALL) DEBUG PRINT(.\Listings\mem_addr.lst) OBJECT(.\O
                      bjects\mem_addr.obj) EP

LOC  OBJ            LINE     SOURCE

0000                   1     ORG 00H 
                       2     
                       3     
0000 900300            4             MOV DPTR, #ROM_Sentence
0003 7830              5             MOV R0, #30H
0005                   6     COPY_LOOP:
                       7             
0005 E4                8             CLR A
0006 93                9         MOVC A, @A+DPTR            
0007 F6               10         MOV @R0, A    
0008 6002             11             JZ EXIT
000A A3               12         INC DPTR                
000B 08               13         INC R0     
                      14             
000C 80FE             15         EXIT:       SJMP $
                      16     
0300                  17     ORG 300H
0300                  18     ROM_Sentence:
0300 48656C6C         19         DB "Hello, world! This is a sample sentence.", 0 
0304 6F2C2077                
0308 6F726C64                
030C 21205468                
0310 69732069                
0314 73206120                
0318 73616D70                
031C 6C652073                
0320 656E7465                
0324 6E63652E                
0328 00                      
                      20               
                      21     
                      22     
                      23     
                      24     END
A51 MACRO ASSEMBLER  MEM_ADDR                                                             04/02/2024 09:22:58 PAGE     2

SYMBOL TABLE LISTING
------ ----- -------


N A M E             T Y P E  V A L U E   ATTRIBUTES

COPY_LOOP. . . . .  C ADDR   0005H   A   
EXIT . . . . . . .  C ADDR   000CH   A   
ROM_SENTENCE . . .  C ADDR   0300H   A   


REGISTER BANK(S) USED: 0 


ASSEMBLY COMPLETE.  0 WARNING(S), 0 ERROR(S)
