C51 COMPILER V9.60.7.0   T1                                                                03/28/2024 21:11:17 PAGE 1   


C51 COMPILER V9.60.7.0, COMPILATION OF MODULE T1
OBJECT MODULE PLACED IN .\Objects\t1.obj
COMPILER INVOKED BY: C:\Keil_v5\C51\BIN\C51.EXE t1.c OPTIMIZE(8,SPEED) BROWSE DEBUG OBJECTEXTEND PRINT(.\Listings\t1.lst
                    -) TABS(2) OBJECT(.\Objects\t1.obj)

line level    source

   1          /*#include <reg51.h>
   2          #include <stdio.h>
   3          
   4          sbit pin = P3^0;
   5          
   6          void startTimer0()
   7          {
   8            TR0 = 1;
   9          }
  10          
  11          void startTimer()
  12          {
  13            TMOD = 0x01;
  14            IE = 0x82;
  15          }
  16          
  17          void timer() interrupt 1
  18          {
  19            TH0 = 0xff;
  20            TL0 = 0xbe;
  21          }
  22          
  23          void main(void)
  24          { 
  25            startTimer0();
  26            startTimer();
  27            while (TF0==0);
  28            
  29              pin  = ~pin;
  30          
  31          }*/


MODULE INFORMATION:   STATIC OVERLAYABLE
   CODE SIZE        =   ----    ----
   CONSTANT SIZE    =   ----    ----
   XDATA SIZE       =   ----    ----
   PDATA SIZE       =   ----    ----
   DATA SIZE        =   ----    ----
   IDATA SIZE       =   ----    ----
   BIT SIZE         =   ----    ----
END OF MODULE INFORMATION.


C51 COMPILATION COMPLETE.  0 WARNING(S),  0 ERROR(S)
