A51 MACRO ASSEMBLER  LAB01T01                                                             02/24/2024 10:54:40 PAGE     1


MACRO ASSEMBLER A51 V8.2.7.0
OBJECT MODULE PLACED IN .\Objects\lab01t01.obj
ASSEMBLER INVOKED BY: C:\Keil_v5\C51\BIN\A51.EXE lab01t01.a51 SET(SMALL) DEBUG PRINT(.\Listings\lab01t01.lst) OBJECT(.\O
                      bjects\lab01t01.obj) EP

LOC  OBJ            LINE     SOURCE

0000                   1     ORG 00H
0000                   2             LOOP:
0000 74FF              3             MOV A,#0FFH
0002 F590              4             MOV P1,A
0004 F5A0              5             MOV P2,A
0006 7400              6             MOV A, #00H
0008 F590              7             MOV P1,A
000A F5A0              8             MOV P2,A
000C 80F2              9             SJMP LOOP
                      10     END
A51 MACRO ASSEMBLER  LAB01T01                                                             02/24/2024 10:54:40 PAGE     2

SYMBOL TABLE LISTING
------ ----- -------


N A M E             T Y P E  V A L U E   ATTRIBUTES

LOOP . . . . . . .  C ADDR   0000H   A   
P1 . . . . . . . .  D ADDR   0090H   A   
P2 . . . . . . . .  D ADDR   00A0H   A   


REGISTER BANK(S) USED: 0 


ASSEMBLY COMPLETE.  0 WARNING(S), 0 ERROR(S)
